<?xml version="1.0" encoding="UTF-8"?>
<testsuite xmlns:xsi="http://www.w3.org/2001/XMLSchema-instance" xsi:noNamespaceSchemaLocation="https://maven.apache.org/surefire/maven-surefire-plugin/xsd/surefire-test-report.xsd" name="StepDefinitions.TestRunner" time="6.349" tests="2" errors="2" skipped="0" failures="0">
  <properties>
[...]
</properties>
  <testcase name="check log in is successfull with valid credentails #2" classname="test login functionality" time="3.14">
    <error message="Cannot invoke &quot;pagefactory.HomePage_PageFactory.showText()&quot; because &quot;this.home&quot; is null" type="java.lang.NullPointerException">java.lang.NullPointerException: Cannot invoke "pagefactory.HomePage_PageFactory.showText()" because "this.home" is null
</error>
    <system-out><![CDATA[
@regressiontest
Scenario Outline: check log in is successfull with valid credentails # src/test/resources/Features/LoginDemo.feature:30
open browser
inside browserSetup
BeforeStep
user is on login page
  Given user is on login page                                        # StepDefinitions.LoginSteps.user_is_on_login_page()
AfterStep
BeforeStep
  When When user enters <username> and <password> sucessfully        # StepDefinitions.LoginDemoSteps_PageFactory.when_user_enters_username_and_password_sucessfully()
AfterStep
BeforeStep
  Then user is in homepage                                           # StepDefinitions.LoginDemoSteps_PageFactory.user_is_in_homepage()
AfterStep
BeforeStep
Browser is opened
  Given browser is opened sucessfully                                # StepDefinitions.LoginDemoSteps_PageFactory.browser_is_opened_sucessfully()
AfterStep
BeforeStep
  And user is on login page sucessfully                              # StepDefinitions.LoginDemoSteps_PageFactory.user_is_on_login_page_sucessfully()
AfterStep
BeforeStep
  When user enters sok@gmail.com and abc123 sucessfully              # StepDefinitions.LoginDemoSteps_PageFactory.user_enters_username_and_password_sucessfully(java.lang.String,java.lang.String)
AfterStep
BeforeStep
  And user clicks on login sucessfully                               # StepDefinitions.LoginDemoSteps_PageFactory.user_clicks_on_login_sucessfully()
AfterStep
BeforeStep
  Then user navigate to the home page sucessfully                    # StepDefinitions.LoginDemoSteps_PageFactory.user_navigate_to_the_home_page_sucessfully()
      java.lang.NullPointerException: Cannot invoke "pagefactory.HomePage_PageFactory.showText()" because "this.home" is null
	at StepDefinitions.LoginDemoSteps_PageFactory.user_navigate_to_the_home_page_sucessfully(LoginDemoSteps_PageFactory.java:76)
	at ✽.user navigate to the home page sucessfully(file:///C:/Users/sokoeurn%20chhay/eclipse-workspace2024Feb/Cucumber_Java/src/test/resources/Features/LoginDemo.feature:26)

AfterStep
inside tearDown
]]></system-out>
  </testcase>
  <testcase name="check log in is successfull with valid credentails #3" classname="test login functionality" time="2.498">
    <error message="Cannot invoke &quot;pagefactory.HomePage_PageFactory.showText()&quot; because &quot;this.home&quot; is null" type="java.lang.NullPointerException">java.lang.NullPointerException: Cannot invoke "pagefactory.HomePage_PageFactory.showText()" because "this.home" is null
</error>
    <system-out><![CDATA[
@regressiontest @smoketest
Scenario Outline: check log in is successfull with valid credentails # src/test/resources/Features/LoginDemo.feature:42
open browser
inside browserSetup
BeforeStep
user is on login page
  Given user is on login page                                        # StepDefinitions.LoginSteps.user_is_on_login_page()
AfterStep
BeforeStep
  When When user enters <username> and <password> sucessfully        # StepDefinitions.LoginDemoSteps_PageFactory.when_user_enters_username_and_password_sucessfully()
AfterStep
BeforeStep
  Then user is in homepage                                           # StepDefinitions.LoginDemoSteps_PageFactory.user_is_in_homepage()
AfterStep
BeforeStep
Browser is opened
  Given browser is opened sucessfully                                # StepDefinitions.LoginDemoSteps_PageFactory.browser_is_opened_sucessfully()
AfterStep
BeforeStep
  And user is on login page sucessfully                              # StepDefinitions.LoginDemoSteps_PageFactory.user_is_on_login_page_sucessfully()
AfterStep
BeforeStep
  When user enters sok@gmail.com and abc123 sucessfully              # StepDefinitions.LoginDemoSteps_PageFactory.user_enters_username_and_password_sucessfully(java.lang.String,java.lang.String)
AfterStep
BeforeStep
  And user clicks on login sucessfully                               # StepDefinitions.LoginDemoSteps_PageFactory.user_clicks_on_login_sucessfully()
AfterStep
BeforeStep
  Then user navigate to the home page sucessfully                    # StepDefinitions.LoginDemoSteps_PageFactory.user_navigate_to_the_home_page_sucessfully()
      java.lang.NullPointerException: Cannot invoke "pagefactory.HomePage_PageFactory.showText()" because "this.home" is null
	at StepDefinitions.LoginDemoSteps_PageFactory.user_navigate_to_the_home_page_sucessfully(LoginDemoSteps_PageFactory.java:76)
	at ✽.user navigate to the home page sucessfully(file:///C:/Users/sokoeurn%20chhay/eclipse-workspace2024Feb/Cucumber_Java/src/test/resources/Features/LoginDemo.feature:38)

AfterStep
inside tearDown
]]></system-out>
  </testcase>
</testsuite>